<?xml version="1.0" encoding="UTF-8"?>
<testsuite name="TestQald7WikidataTrain" time="11.895" tests="1" errors="1" skipped="0" failures="0">
  <properties>
    <property name="java.runtime.name" value="Java(TM) SE Runtime Environment"/>
    <property name="sun.boot.library.path" value="C:\Program Files\Java\jdk1.8.0_74\jre\bin"/>
    <property name="java.vm.version" value="25.74-b02"/>
    <property name="java.vm.vendor" value="Oracle Corporation"/>
    <property name="java.vendor.url" value="http://java.oracle.com/"/>
    <property name="path.separator" value=";"/>
    <property name="guice.disable.misplaced.annotation.check" value="true"/>
    <property name="java.vm.name" value="Java HotSpot(TM) 64-Bit Server VM"/>
    <property name="file.encoding.pkg" value="sun.io"/>
    <property name="user.script" value=""/>
    <property name="user.country" value="FR"/>
    <property name="sun.java.launcher" value="SUN_STANDARD"/>
    <property name="sun.os.patch.level" value=""/>
    <property name="test" value="TestQald7WikidataTrain"/>
    <property name="java.vm.specification.name" value="Java Virtual Machine Specification"/>
    <property name="user.dir" value="C:\Users\youssef\Documents\NetBeansProjects\sntl"/>
    <property name="java.runtime.version" value="1.8.0_74-b02"/>
    <property name="java.awt.graphicsenv" value="sun.awt.Win32GraphicsEnvironment"/>
    <property name="java.endorsed.dirs" value="C:\Program Files\Java\jdk1.8.0_74\jre\lib\endorsed"/>
    <property name="os.arch" value="amd64"/>
    <property name="java.io.tmpdir" value="C:\Users\youssef\AppData\Local\Temp\"/>
    <property name="line.separator" value="&#10;"/>
    <property name="java.vm.specification.vendor" value="Oracle Corporation"/>
    <property name="user.variant" value=""/>
    <property name="os.name" value="Windows 10"/>
    <property name="maven.ext.class.path" value="C:\Program Files\NetBeans 8.2\java\maven-nblib\netbeans-eventspy.jar"/>
    <property name="classworlds.conf" value="C:\Program Files\NetBeans 8.2\java\maven\bin\m2.conf"/>
    <property name="sun.jnu.encoding" value="Cp1252"/>
    <property name="java.library.path" value="C:\Program Files\Java\jdk1.8.0_74\bin;C:\WINDOWS\Sun\Java\bin;C:\WINDOWS\system32;C:\WINDOWS;C:\ProgramData\Oracle\Java\javapath;C:\WINDOWS\system32;C:\WINDOWS;C:\WINDOWS\System32\Wbem;C:\WINDOWS\System32\WindowsPowerShell\v1.0\;C:\Program Files\Git\cmd;C:\Program Files (x86)\Graphviz2.38\bin;."/>
    <property name="java.specification.name" value="Java Platform API Specification"/>
    <property name="java.class.version" value="52.0"/>
    <property name="sun.management.compiler" value="HotSpot 64-Bit Tiered Compilers"/>
    <property name="os.version" value="10.0"/>
    <property name="user.home" value="C:\Users\youssef"/>
    <property name="user.timezone" value="Europe/Berlin"/>
    <property name="java.awt.printerjob" value="sun.awt.windows.WPrinterJob"/>
    <property name="java.specification.version" value="1.8"/>
    <property name="file.encoding" value="UTF-8"/>
    <property name="user.name" value="youssef"/>
    <property name="java.class.path" value="C:\Program Files\NetBeans 8.2\java\maven\boot\plexus-classworlds-2.4.jar"/>
    <property name="java.vm.specification.version" value="1.8"/>
    <property name="sun.arch.data.model" value="64"/>
    <property name="java.home" value="C:\Program Files\Java\jdk1.8.0_74\jre"/>
    <property name="sun.java.command" value="org.codehaus.plexus.classworlds.launcher.Launcher -Dtest=TestQald7WikidataTrain -Dmaven.ext.class.path=C:\Program Files\NetBeans 8.2\java\maven-nblib\netbeans-eventspy.jar -Dfile.encoding=UTF-8 surefire:test"/>
    <property name="java.specification.vendor" value="Oracle Corporation"/>
    <property name="user.language" value="fr"/>
    <property name="awt.toolkit" value="sun.awt.windows.WToolkit"/>
    <property name="java.vm.info" value="mixed mode"/>
    <property name="java.version" value="1.8.0_74"/>
    <property name="java.ext.dirs" value="C:\Program Files\Java\jdk1.8.0_74\jre\lib\ext;C:\WINDOWS\Sun\Java\lib\ext"/>
    <property name="sun.boot.class.path" value="C:\Program Files\Java\jdk1.8.0_74\jre\lib\resources.jar;C:\Program Files\Java\jdk1.8.0_74\jre\lib\rt.jar;C:\Program Files\Java\jdk1.8.0_74\jre\lib\sunrsasign.jar;C:\Program Files\Java\jdk1.8.0_74\jre\lib\jsse.jar;C:\Program Files\Java\jdk1.8.0_74\jre\lib\jce.jar;C:\Program Files\Java\jdk1.8.0_74\jre\lib\charsets.jar;C:\Program Files\Java\jdk1.8.0_74\jre\lib\jfr.jar;C:\Program Files\Java\jdk1.8.0_74\jre\classes"/>
    <property name="java.vendor" value="Oracle Corporation"/>
    <property name="maven.home" value="C:\Program Files\NetBeans 8.2\java\maven"/>
    <property name="file.separator" value="\"/>
    <property name="java.vendor.url.bug" value="http://bugreport.sun.com/bugreport/"/>
    <property name="sun.cpu.endian" value="little"/>
    <property name="sun.io.unicode.encoding" value="UnicodeLittle"/>
    <property name="sun.desktop" value="windows"/>
    <property name="sun.cpu.isalist" value="amd64"/>
  </properties>
  <testcase name="parse" classname="TestQald7WikidataTrain" time="11.895">
    <error type="java.lang.NullPointerException:">java.lang.NullPointerException: null
	at com.mycompany.sntl.SNTL$1.visit(SNTL.java:82)
	at org.apache.jena.sparql.syntax.ElementWalker$Walker.visit(ElementWalker.java:212)
	at org.apache.jena.sparql.syntax.ElementPathBlock.visit(ElementPathBlock.java:89)
	at org.apache.jena.sparql.syntax.ElementWalker$Walker.visit(ElementWalker.java:127)
	at org.apache.jena.sparql.syntax.ElementGroup.visit(ElementGroup.java:120)
	at org.apache.jena.sparql.syntax.ElementWalker.walk(ElementWalker.java:39)
	at org.apache.jena.sparql.syntax.ElementWalker.walk(ElementWalker.java:33)
	at com.mycompany.sntl.SNTL.sntl(SNTL.java:65)
	at TestQald7WikidataTrain.parse(TestQald7WikidataTrain.java:62)
</error>
    <system-out><![CDATA[Question:Who was the doctoral supervisor of Albert Einstein?
SELECT DISTINCT ?uri WHERE { <http://www.wikidata.org/entity/Q937> <http://www.wikidata.org/prop/direct/P184> ?uri}
Albert Einstein/doctoral advisor
Question:Did KaurismÃ¤ki ever win the Grand Prix at Cannes?
ASK WHERE { <http://www.wikidata.org/entity/Q276186> <http://www.wikidata.org/prop/direct/P166>  <http://www.wikidata.org/entity/Q844804> . }
Aki Kaurismäki/award received
Question:Who wrote the song Hotel California?
SELECT DISTINCT ?uri WHERE { <http://www.wikidata.org/entity/Q780394> <http://www.wikidata.org/prop/direct/P86> ?uri}
Hotel California/composer
Question:Who was on the Apollo 11 mission?
SELECT DISTINCT ?uri WHERE { <http://www.wikidata.org/entity/Q43653> <http://www.wikidata.org/prop/direct/P1029> ?uri}
Apollo 11/crew member
Question:Which electronics companies were founded in Beijing?
SELECT DISTINCT ?company WHERE { ?company  <http://www.wikidata.org/prop/direct/P452> <http://www.wikidata.org/entity/Q581105> ;  <http://www.wikidata.org/prop/direct/P740> <http://www.wikidata.org/entity/Q956> . } 
null/location of formation
Question:What is in a chocolate chip cookie?
SELECT DISTINCT ?uri WHERE { <http://www.wikidata.org/entity/Q14169302> <http://www.wikidata.org/prop/direct/P527> ?uri}
chocolate chip cookie/has part
Question:Was the wife of president Lincoln called Mary?
ASK WHERE { <http://www.wikidata.org/entity/Q14169302> <http://www.wikidata.org/prop/direct/P26> ?spouse .  ?spouse <http://www.w3.org/2000/01/rdf-schema#label> ?name .  FILTER(regex(?name,'Mary')) }
null/null
Question:How many movies did Park Chan-wook direct?
SELECT (COUNT(DISTINCT ?uri) as ?count) WHERE {  ?uri <http://www.wikidata.org/prop/direct/P57> <http://www.wikidata.org/entity/Q315484> . }
null/director
Question:In which U.S. state is Mount McKinley located?
SELECT DISTINCT ?uri WHERE { <http://www.wikidata.org/entity/Q130018> <http://www.wikidata.org/prop/direct/P131> ?uri}
Denali/located in the administrative territorial entity
Question:Which Indian company has the most employees?
SELECT DISTINCT ?uri WHERE { ?uri <http://www.wikidata.org/prop/direct/P31> <http://www.wikidata.org/entity/Q4830453>  . ?uri <http://www.wikidata.org/prop/direct/P17> <http://www.wikidata.org/entity/Q668> . ?uri <http://www.wikidata.org/prop/direct/P1128> ?employees . } ORDER BY DESC(?employees) LIMIT 1
null/employees
Question:In which school did Obama's wife study?
SELECT DISTINCT ?uri WHERE { <http://www.wikidata.org/entity/Q76> <http://www.wikidata.org/prop/direct/P26>/<http://www.wikidata.org/prop/direct/P69> ?uri}
]]></system-out>
    <system-err>log4j:WARN No appenders could be found for logger (org.apache.jena.riot.system.stream.JenaIOEnvironment).
log4j:WARN Please initialize the log4j system properly.
log4j:WARN See http://logging.apache.org/log4j/1.2/faq.html#noconfig for more info.
</system-err>
  </testcase>
</testsuite>